This is pdfTeX, Version 3.1415926-2.3-1.40.12 (TeX Live 2011) (format=pdflatex 2011.7.3)  1 MAY 2013 21:54
entering extended mode
 \write18 enabled.
 file:line:error style messages enabled.
 %&-line parsing enabled.
**KMCS_irreversible.tex
(./KMCS_irreversible.tex
LaTeX2e <2009/09/24>
Babel <v3.8l> and hyphenation patterns for english, dumylang, nohyphenation, ge
rman-x-2009-06-19, ngerman-x-2009-06-19, afrikaans, ancientgreek, ibycus, arabi
c, armenian, basque, bulgarian, catalan, pinyin, coptic, croatian, czech, danis
h, dutch, ukenglish, usenglishmax, esperanto, estonian, ethiopic, farsi, finnis
h, french, galician, german, ngerman, swissgerman, monogreek, greek, hungarian,
 icelandic, assamese, bengali, gujarati, hindi, kannada, malayalam, marathi, or
iya, panjabi, tamil, telugu, indonesian, interlingua, irish, italian, kurmanji,
 lao, latin, latvian, lithuanian, mongolian, mongolianlmc, bokmal, nynorsk, pol
ish, portuguese, romanian, russian, sanskrit, serbian, serbianc, slovak, sloven
ian, spanish, swedish, turkish, turkmen, ukrainian, uppersorbian, welsh, loaded
.
(/usr/local/texlive/2011/texmf-dist/tex/latex/base/article.cls
Document Class: article 2007/10/19 v1.4h Standard LaTeX document class
(/usr/local/texlive/2011/texmf-dist/tex/latex/base/size11.clo
File: size11.clo 2007/10/19 v1.4h Standard LaTeX file (size option)
)
\c@part=\count79
\c@section=\count80
\c@subsection=\count81
\c@subsubsection=\count82
\c@paragraph=\count83
\c@subparagraph=\count84
\c@figure=\count85
\c@table=\count86
\abovecaptionskip=\skip41
\belowcaptionskip=\skip42
\bibindent=\dimen102
)
(/usr/local/texlive/2011/texmf-dist/tex/latex/mh/mathtools.sty
Package: mathtools 2011/02/12 v1.10 mathematical typesetting tools

(/usr/local/texlive/2011/texmf-dist/tex/latex/graphics/keyval.sty
Package: keyval 1999/03/16 v1.13 key=value parser (DPC)
\KV@toks@=\toks14
)
(/usr/local/texlive/2011/texmf-dist/tex/latex/tools/calc.sty
Package: calc 2007/08/22 v4.3 Infix arithmetic (KKT,FJ)
\calc@Acount=\count87
\calc@Bcount=\count88
\calc@Adimen=\dimen103
\calc@Bdimen=\dimen104
\calc@Askip=\skip43
\calc@Bskip=\skip44
LaTeX Info: Redefining \setlength on input line 76.
LaTeX Info: Redefining \addtolength on input line 77.
\calc@Ccount=\count89
\calc@Cskip=\skip45
)
(/usr/local/texlive/2011/texmf-dist/tex/latex/mh/mhsetup.sty
Package: mhsetup 2010/01/21 v1.2a programming setup (MH)
)
(/usr/local/texlive/2011/texmf-dist/tex/latex/amsmath/amsmath.sty
Package: amsmath 2000/07/18 v2.13 AMS math features
\@mathmargin=\skip46

For additional information on amsmath, use the `?' option.
(/usr/local/texlive/2011/texmf-dist/tex/latex/amsmath/amstext.sty
Package: amstext 2000/06/29 v2.01

(/usr/local/texlive/2011/texmf-dist/tex/latex/amsmath/amsgen.sty
File: amsgen.sty 1999/11/30 v2.0
\@emptytoks=\toks15
\ex@=\dimen105
))
(/usr/local/texlive/2011/texmf-dist/tex/latex/amsmath/amsbsy.sty
Package: amsbsy 1999/11/29 v1.2d
\pmbraise@=\dimen106
)
(/usr/local/texlive/2011/texmf-dist/tex/latex/amsmath/amsopn.sty
Package: amsopn 1999/12/14 v2.01 operator names
)
\inf@bad=\count90
LaTeX Info: Redefining \frac on input line 211.
\uproot@=\count91
\leftroot@=\count92
LaTeX Info: Redefining \overline on input line 307.
\classnum@=\count93
\DOTSCASE@=\count94
LaTeX Info: Redefining \ldots on input line 379.
LaTeX Info: Redefining \dots on input line 382.
LaTeX Info: Redefining \cdots on input line 467.
\Mathstrutbox@=\box26
\strutbox@=\box27
\big@size=\dimen107
LaTeX Font Info:    Redeclaring font encoding OML on input line 567.
LaTeX Font Info:    Redeclaring font encoding OMS on input line 568.
\macc@depth=\count95
\c@MaxMatrixCols=\count96
\dotsspace@=\muskip10
\c@parentequation=\count97
\dspbrk@lvl=\count98
\tag@help=\toks16
\row@=\count99
\column@=\count100
\maxfields@=\count101
\andhelp@=\toks17
\eqnshift@=\dimen108
\alignsep@=\dimen109
\tagshift@=\dimen110
\tagwidth@=\dimen111
\totwidth@=\dimen112
\lineht@=\dimen113
\@envbody=\toks18
\multlinegap=\skip47
\multlinetaggap=\skip48
\mathdisplay@stack=\toks19
LaTeX Info: Redefining \[ on input line 2666.
LaTeX Info: Redefining \] on input line 2667.
)
\g_MT_multlinerow_int=\count102
\l_MT_multwidth_dim=\dimen114
\origjot=\skip49
\l_MT_shortvdotswithinadjustabove_dim=\dimen115
\l_MT_shortvdotswithinadjustbelow_dim=\dimen116
)
(/usr/local/texlive/2011/texmf-dist/tex/latex/geometry/geometry.sty
Package: geometry 2010/09/12 v5.6 Page Geometry

(/usr/local/texlive/2011/texmf-dist/tex/generic/oberdiek/ifpdf.sty
Package: ifpdf 2011/01/30 v2.3 Provides the ifpdf switch (HO)
Package ifpdf Info: pdfTeX in PDF mode is detected.
)
(/usr/local/texlive/2011/texmf-dist/tex/generic/oberdiek/ifvtex.sty
Package: ifvtex 2010/03/01 v1.5 Switches for detecting VTeX and its modes (HO)
Package ifvtex Info: VTeX not detected.
)
(/usr/local/texlive/2011/texmf-dist/tex/generic/ifxetex/ifxetex.sty
Package: ifxetex 2010/09/12 v0.6 Provides ifxetex conditional
)
\Gm@cnth=\count103
\Gm@cntv=\count104
\c@Gm@tempcnt=\count105
\Gm@bindingoffset=\dimen117
\Gm@wd@mp=\dimen118
\Gm@odd@mp=\dimen119
\Gm@even@mp=\dimen120
\Gm@layoutwidth=\dimen121
\Gm@layoutheight=\dimen122
\Gm@layouthoffset=\dimen123
\Gm@layoutvoffset=\dimen124
\Gm@dimlist=\toks20
)
(/usr/local/texlive/2011/texmf-dist/tex/latex/parskip/parskip.sty
Package: parskip 2001/04/09 non-zero parskip adjustments
)
(/usr/local/texlive/2011/texmf-dist/tex/latex/graphics/graphicx.sty
Package: graphicx 1999/02/16 v1.0f Enhanced LaTeX Graphics (DPC,SPQR)

(/usr/local/texlive/2011/texmf-dist/tex/latex/graphics/graphics.sty
Package: graphics 2009/02/05 v1.0o Standard LaTeX Graphics (DPC,SPQR)

(/usr/local/texlive/2011/texmf-dist/tex/latex/graphics/trig.sty
Package: trig 1999/03/16 v1.09 sin cos tan (DPC)
)
(/usr/local/texlive/2011/texmf-dist/tex/latex/latexconfig/graphics.cfg
File: graphics.cfg 2010/04/23 v1.9 graphics configuration of TeX Live
)
Package graphics Info: Driver file: pdftex.def on input line 91.

(/usr/local/texlive/2011/texmf-dist/tex/latex/pdftex-def/pdftex.def
File: pdftex.def 2011/05/27 v0.06d Graphics/color for pdfTeX

(/usr/local/texlive/2011/texmf-dist/tex/generic/oberdiek/infwarerr.sty
Package: infwarerr 2010/04/08 v1.3 Providing info/warning/message (HO)
)
(/usr/local/texlive/2011/texmf-dist/tex/generic/oberdiek/ltxcmds.sty
Package: ltxcmds 2011/04/18 v1.20 LaTeX kernel commands for general use (HO)
)
\Gread@gobject=\count106
))
\Gin@req@height=\dimen125
\Gin@req@width=\dimen126
)
(/usr/local/texlive/2011/texmf-dist/tex/latex/amsfonts/amssymb.sty
Package: amssymb 2009/06/22 v3.00

(/usr/local/texlive/2011/texmf-dist/tex/latex/amsfonts/amsfonts.sty
Package: amsfonts 2009/06/22 v3.00 Basic AMSFonts support
\symAMSa=\mathgroup4
\symAMSb=\mathgroup5
LaTeX Font Info:    Overwriting math alphabet `\mathfrak' in version `bold'
(Font)                  U/euf/m/n --> U/euf/b/n on input line 96.
))
(/usr/local/texlive/2011/texmf-dist/tex/latex/oberdiek/epstopdf.sty
Package: epstopdf 2010/02/09 v2.5 Conversion with epstopdf on the fly (HO)

(/usr/local/texlive/2011/texmf-dist/tex/latex/oberdiek/epstopdf-base.sty
Package: epstopdf-base 2010/02/09 v2.5 Base part for package epstopdf

(/usr/local/texlive/2011/texmf-dist/tex/latex/oberdiek/grfext.sty
Package: grfext 2010/08/19 v1.1 Managing graphics extensions (HO)

(/usr/local/texlive/2011/texmf-dist/tex/generic/oberdiek/kvdefinekeys.sty
Package: kvdefinekeys 2011/04/07 v1.3 Defining keys (HO)
))
(/usr/local/texlive/2011/texmf-dist/tex/latex/oberdiek/kvoptions.sty
Package: kvoptions 2010/12/23 v3.10 Keyval support for LaTeX options (HO)

(/usr/local/texlive/2011/texmf-dist/tex/generic/oberdiek/kvsetkeys.sty
Package: kvsetkeys 2011/04/07 v1.13 Key value parser (HO)

(/usr/local/texlive/2011/texmf-dist/tex/generic/oberdiek/etexcmds.sty
Package: etexcmds 2011/02/16 v1.5 Prefix for e-TeX command names (HO)

(/usr/local/texlive/2011/texmf-dist/tex/generic/oberdiek/ifluatex.sty
Package: ifluatex 2010/03/01 v1.3 Provides the ifluatex switch (HO)
Package ifluatex Info: LuaTeX not detected.
)
Package etexcmds Info: Could not find \expanded.
(etexcmds)             That can mean that you are not using pdfTeX 1.50 or
(etexcmds)             that some package has redefined \expanded.
(etexcmds)             In the latter case, load this package earlier.
)))
(/usr/local/texlive/2011/texmf-dist/tex/generic/oberdiek/pdftexcmds.sty
Package: pdftexcmds 2011/04/22 v0.16 Utilities of pdfTeX for LuaTeX (HO)
Package pdftexcmds Info: LuaTeX not detected.
Package pdftexcmds Info: \pdf@primitive is available.
Package pdftexcmds Info: \pdf@ifprimitive is available.
Package pdftexcmds Info: \pdfdraftmode found.
)
Package grfext Info: Graphics extension search list:
(grfext)             [.png,.pdf,.jpg,.mps,.jpeg,.jbig2,.jb2,.PNG,.PDF,.JPG,.JPE
G,.JBIG2,.JB2,.eps]
(grfext)             \AppendGraphicsExtensions on input line 452.

(/usr/local/texlive/2011/texmf-dist/tex/latex/latexconfig/epstopdf-sys.cfg
File: epstopdf-sys.cfg 2010/07/13 v1.3 Configuration of (r)epstopdf for TeX Liv
e
)))
(/usr/local/texlive/2011/texmf-dist/tex/latex/graphics/color.sty
Package: color 2005/11/14 v1.0j Standard LaTeX Color (DPC)

(/usr/local/texlive/2011/texmf-dist/tex/latex/latexconfig/color.cfg
File: color.cfg 2007/01/18 v1.5 color configuration of teTeX/TeXLive
)
Package color Info: Driver file: pdftex.def on input line 130.

(/usr/local/texlive/2011/texmf-dist/tex/latex/graphics/dvipsnam.def
File: dvipsnam.def 1999/02/16 v3.0i Driver-dependant file (DPC,SPQR)
))
(/usr/local/texlive/2011/texmf-dist/tex/latex/hyperref/hyperref.sty
Package: hyperref 2011/04/17 v6.82g Hypertext links for LaTeX

(/usr/local/texlive/2011/texmf-dist/tex/generic/oberdiek/hobsub-hyperref.sty
Package: hobsub-hyperref 2011/04/23 v1.4 Bundle oberdiek, subset hyperref (HO)

(/usr/local/texlive/2011/texmf-dist/tex/generic/oberdiek/hobsub-generic.sty
Package: hobsub-generic 2011/04/23 v1.4 Bundle oberdiek, subset generic (HO)
Package: hobsub 2011/04/23 v1.4 Subsetting bundle oberdiek (HO)
Package hobsub Info: Skipping package `infwarerr' (already loaded).
Package hobsub Info: Skipping package `ltxcmds' (already loaded).
Package hobsub Info: Skipping package `ifluatex' (already loaded).
Package hobsub Info: Skipping package `ifvtex' (already loaded).
Package: intcalc 2007/09/27 v1.1 Expandable integer calculations (HO)
Package hobsub Info: Skipping package `ifpdf' (already loaded).
Package hobsub Info: Skipping package `etexcmds' (already loaded).
Package hobsub Info: Skipping package `kvsetkeys' (already loaded).
Package hobsub Info: Skipping package `kvdefinekeys' (already loaded).
Package hobsub Info: Skipping package `pdftexcmds' (already loaded).
Package: pdfescape 2011/04/04 v1.12 Provides string conversions (HO)
Package: bigintcalc 2011/01/30 v1.2 Expandable big integer calculations (HO)
Package: bitset 2011/01/30 v1.1 Data type bit set (HO)
Package: uniquecounter 2011/01/30 v1.2 Provides unlimited unique counter (HO)
)
Package hobsub Info: Skipping package `hobsub' (already loaded).
Package: letltxmacro 2010/09/02 v1.4 Let assignment for LaTeX macros (HO)
Package: hopatch 2011/01/30 v1.0 Wrapper for package hooks (HO)
Package: xcolor-patch 2011/01/30 xcolor patch
Package: atveryend 2011/04/23 v1.7 Hooks at very end of document (HO)
Package atveryend Info: \enddocument detected (standard).
Package: atbegshi 2011/01/30 v1.15 At begin shipout hook (HO)
Package: refcount 2010/12/01 v3.2 Data extraction from references (HO)
Package: hycolor 2011/01/30 v1.7 Color options of hyperref/bookmark (HO)
)
\@linkdim=\dimen127
\Hy@linkcounter=\count107
\Hy@pagecounter=\count108

(/usr/local/texlive/2011/texmf-dist/tex/latex/hyperref/pd1enc.def
File: pd1enc.def 2011/04/17 v6.82g Hyperref: PDFDocEncoding definition (HO)
)
\Hy@SavedSpaceFactor=\count109

(/usr/local/texlive/2011/texmf-dist/tex/latex/latexconfig/hyperref.cfg
File: hyperref.cfg 2002/06/06 v1.2 hyperref configuration of TeXLive
)
Package hyperref Info: Hyper figures OFF on input line 4026.
Package hyperref Info: Link nesting OFF on input line 4031.
Package hyperref Info: Hyper index ON on input line 4034.
Package hyperref Info: Plain pages OFF on input line 4041.
Package hyperref Info: Backreferencing OFF on input line 4046.
Package hyperref Info: Implicit mode ON; LaTeX internals redefined.
Package hyperref Info: Bookmarks ON on input line 4264.
\c@Hy@tempcnt=\count110

(/usr/local/texlive/2011/texmf-dist/tex/latex/url/url.sty
\Urlmuskip=\muskip11
Package: url 2006/04/12  ver 3.3  Verb mode for urls, etc.
)
LaTeX Info: Redefining \url on input line 4617.
\Fld@menulength=\count111
\Field@Width=\dimen128
\Fld@charsize=\dimen129
Package hyperref Info: Hyper figures OFF on input line 5701.
Package hyperref Info: Link nesting OFF on input line 5706.
Package hyperref Info: Hyper index ON on input line 5709.
Package hyperref Info: backreferencing OFF on input line 5716.
Package hyperref Info: Link coloring OFF on input line 5721.
Package hyperref Info: Link coloring with OCG OFF on input line 5726.
Package hyperref Info: PDF/A mode OFF on input line 5731.
LaTeX Info: Redefining \ref on input line 5771.
LaTeX Info: Redefining \pageref on input line 5775.
\Hy@abspage=\count112
\c@Item=\count113
\c@Hfootnote=\count114
)

Package hyperref Message: Driver (autodetected): hpdftex.

(/usr/local/texlive/2011/texmf-dist/tex/latex/hyperref/hpdftex.def
File: hpdftex.def 2011/04/17 v6.82g Hyperref driver for pdfTeX
\Fld@listcount=\count115
\c@bookmark@seq@number=\count116

(/usr/local/texlive/2011/texmf-dist/tex/latex/oberdiek/rerunfilecheck.sty
Package: rerunfilecheck 2011/04/15 v1.7 Rerun checks for auxiliary files (HO)
Package uniquecounter Info: New unique counter `rerunfilecheck' on input line 2
82.
)
\Hy@SectionHShift=\skip50
)
Package hyperref Info: Option `colorlinks' set `true' on input line 12.


Package hyperref Warning: Option `hyperfootnotes' has already been used,
(hyperref)                setting the option has no effect on input line 12.

(/usr/local/texlive/2011/texmf-dist/tex/latex/hyphenat/hyphenat.sty
Package: hyphenat 2009/09/02 v2.3c hyphenation utilities
\langwohyphens=\language75
LaTeX Info: Redefining \_ on input line 43.
)
(/usr/local/texlive/2011/texmf-dist/tex/latex/cite/cite.sty
LaTeX Info: Redefining \cite on input line 302.
LaTeX Info: Redefining \nocite on input line 373.
Package: cite 2010/09/10  v 5.3
)
(/usr/local/texlive/2011/texmf-dist/tex/latex/fancyhdr/fancyhdr.sty
\fancy@headwidth=\skip51
\f@ncyO@elh=\skip52
\f@ncyO@erh=\skip53
\f@ncyO@olh=\skip54
\f@ncyO@orh=\skip55
\f@ncyO@elf=\skip56
\f@ncyO@erf=\skip57
\f@ncyO@olf=\skip58
\f@ncyO@orf=\skip59
)
(./KMCS_irreversible.aux)
\openout1 = `KMCS_irreversible.aux'.

LaTeX Font Info:    Checking defaults for OML/cmm/m/it on input line 23.
LaTeX Font Info:    ... okay on input line 23.
LaTeX Font Info:    Checking defaults for T1/cmr/m/n on input line 23.
LaTeX Font Info:    ... okay on input line 23.
LaTeX Font Info:    Checking defaults for OT1/cmr/m/n on input line 23.
LaTeX Font Info:    ... okay on input line 23.
LaTeX Font Info:    Checking defaults for OMS/cmsy/m/n on input line 23.
LaTeX Font Info:    ... okay on input line 23.
LaTeX Font Info:    Checking defaults for OMX/cmex/m/n on input line 23.
LaTeX Font Info:    ... okay on input line 23.
LaTeX Font Info:    Checking defaults for U/cmr/m/n on input line 23.
LaTeX Font Info:    ... okay on input line 23.
LaTeX Font Info:    Checking defaults for PD1/pdf/m/n on input line 23.
LaTeX Font Info:    ... okay on input line 23.

*geometry* driver: auto-detecting
*geometry* detected driver: pdftex
*geometry* verbose mode - [ preamble ] result:
* driver: pdftex
* paper: letterpaper
* layout: <same size as paper>
* layoutoffset:(h,v)=(0.0pt,0.0pt)
* modes: 
* h-part:(L,W,R)=(107.97821pt, 398.33858pt, 107.97821pt)
* v-part:(T,H,B)=(142.26378pt, 625.96062pt, 26.74559pt)
* \paperwidth=614.295pt
* \paperheight=794.96999pt
* \textwidth=483.69684pt
* \textheight=682.86612pt
* \oddsidemargin=35.70822pt
* \evensidemargin=35.70822pt
* \topmargin=32.99379pt
* \headheight=12.0pt
* \headsep=1.0pt
* \topskip=11.0pt
* \footskip=30.0pt
* \marginparwidth=59.0pt
* \marginparsep=10.0pt
* \columnsep=10.0pt
* \skip\footins=10.0pt plus 4.0pt minus 2.0pt
* \hoffset=-42.67912pt
* \voffset=-56.9055pt
* \mag=1000
* \@twocolumnfalse
* \@twosidefalse
* \@mparswitchfalse
* \@reversemarginfalse
* (1in=72.27pt=25.4mm, 1cm=28.453pt)

(/usr/local/texlive/2011/texmf-dist/tex/context/base/supp-pdf.mkii
[Loading MPS to PDF converter (version 2006.09.02).]
\scratchcounter=\count117
\scratchdimen=\dimen130
\scratchbox=\box28
\nofMPsegments=\count118
\nofMParguments=\count119
\everyMPshowfont=\toks21
\MPscratchCnt=\count120
\MPscratchDim=\dimen131
\MPnumerator=\count121
\makeMPintoPDFobject=\count122
\everyMPtoPDFconversion=\toks22
)
\AtBeginShipoutBox=\box29
Package hyperref Info: Link coloring ON on input line 23.
 (/usr/local/texlive/2011/texmf-dist/tex/latex/hyperref/nameref.sty
Package: nameref 2010/04/30 v2.40 Cross-referencing by name of section

(/usr/local/texlive/2011/texmf-dist/tex/generic/oberdiek/gettitlestring.sty
Package: gettitlestring 2010/12/03 v1.4 Cleanup title references (HO)
)
\c@section@level=\count123
)
LaTeX Info: Redefining \ref on input line 23.
LaTeX Info: Redefining \pageref on input line 23.
LaTeX Info: Redefining \nameref on input line 23.

(./KMCS_irreversible.out) (./KMCS_irreversible.out)
\@outlinefile=\write3
\openout3 = `KMCS_irreversible.out'.


Underfull \hbox (badness 10000) in paragraph at lines 27--28

 []

[1

{/usr/local/texlive/2011/texmf-var/fonts/map/pdftex/updmap/pdftex.map}]
LaTeX Font Info:    Try loading font information for U+msa on input line 72.

(/usr/local/texlive/2011/texmf-dist/tex/latex/amsfonts/umsa.fd
File: umsa.fd 2009/06/22 v3.00 AMS symbols A
)
LaTeX Font Info:    Try loading font information for U+msb on input line 72.

(/usr/local/texlive/2011/texmf-dist/tex/latex/amsfonts/umsb.fd
File: umsb.fd 2009/06/22 v3.00 AMS symbols B
)
<./coadsorb_irreversible/AtoBirreversible2x10_301_allsamek_A5_EA5E3_3.png, id=1
1, 578.16pt x 433.62pt>
File: ./coadsorb_irreversible/AtoBirreversible2x10_301_allsamek_A5_EA5E3_3.png 
Graphic file (type png)

<use ./coadsorb_irreversible/AtoBirreversible2x10_301_allsamek_A5_EA5E3_3.png>
Package pdftex.def Info: ./coadsorb_irreversible/AtoBirreversible2x10_301_allsa
mek_A5_EA5E3_3.png used on input line 73.
(pdftex.def)             Requested size: 252.94437pt x 303.54517pt.

<./coadsorb_irreversible/AtoBirreversible5x10_301_allsamek_A5_EA5E3_3.png, id=1
3, 578.16pt x 433.62pt>
File: ./coadsorb_irreversible/AtoBirreversible5x10_301_allsamek_A5_EA5E3_3.png 
Graphic file (type png)

<use ./coadsorb_irreversible/AtoBirreversible5x10_301_allsamek_A5_EA5E3_3.png>
Package pdftex.def Info: ./coadsorb_irreversible/AtoBirreversible5x10_301_allsa
mek_A5_EA5E3_3.png used on input line 74.
(pdftex.def)             Requested size: 252.94437pt x 303.54517pt.

<./coadsorb_irreversible/AtoBirreversible10x10_301_allsamek_A5_EA5E3_3.png, id=
14, 578.16pt x 433.62pt>
File: ./coadsorb_irreversible/AtoBirreversible10x10_301_allsamek_A5_EA5E3_3.png
 Graphic file (type png)

<use ./coadsorb_irreversible/AtoBirreversible10x10_301_allsamek_A5_EA5E3_3.png>
Package pdftex.def Info: ./coadsorb_irreversible/AtoBirreversible10x10_301_alls
amek_A5_EA5E3_3.png used on input line 75.
(pdftex.def)             Requested size: 252.94437pt x 303.54517pt.

<./coadsorb_irreversible/AtoBirreversible100x10_301_allsamek_A5_EA5E3_3.png, id
=15, 578.16pt x 433.62pt>
File: ./coadsorb_irreversible/AtoBirreversible100x10_301_allsamek_A5_EA5E3_3.pn
g Graphic file (type png)

<use ./coadsorb_irreversible/AtoBirreversible100x10_301_allsamek_A5_EA5E3_3.png
>
Package pdftex.def Info: ./coadsorb_irreversible/AtoBirreversible100x10_301_all
samek_A5_EA5E3_3.png used on input line 76.
(pdftex.def)             Requested size: 252.94437pt x 303.54517pt.

Overfull \hbox (46.1919pt too wide) in paragraph at lines 72--78
[][] 
 []


LaTeX Warning: Float too large for page by 22.33429pt on input line 79.


LaTeX Warning: `!h' float specifier changed to `!ht'.


<./coadsorb_irreversible/AtoBirreversible10x10_101_allsameksmall_A5_EA1E3_3.png
, id=16, 578.16pt x 433.62pt>
File: ./coadsorb_irreversible/AtoBirreversible10x10_101_allsameksmall_A5_EA1E3_
3.png Graphic file (type png)

<use ./coadsorb_irreversible/AtoBirreversible10x10_101_allsameksmall_A5_EA1E3_3
.png>
Package pdftex.def Info: ./coadsorb_irreversible/AtoBirreversible10x10_101_alls
ameksmall_A5_EA1E3_3.png used on input line 84.
(pdftex.def)             Requested size: 252.94437pt x 303.54517pt.

<./coadsorb_irreversible/AtoBirreversible10x10_201_allsameksmall_A5_EA1E3_3.png
, id=17, 578.16pt x 433.62pt>
File: ./coadsorb_irreversible/AtoBirreversible10x10_201_allsameksmall_A5_EA1E3_
3.png Graphic file (type png)

<use ./coadsorb_irreversible/AtoBirreversible10x10_201_allsameksmall_A5_EA1E3_3
.png>
Package pdftex.def Info: ./coadsorb_irreversible/AtoBirreversible10x10_201_alls
ameksmall_A5_EA1E3_3.png used on input line 85.
(pdftex.def)             Requested size: 252.94437pt x 303.54517pt.

<./coadsorb_irreversible/AtoBirreversible10x10_301_allsameksmall_A5_EA1E3_3.png
, id=18, 578.16pt x 433.62pt>
File: ./coadsorb_irreversible/AtoBirreversible10x10_301_allsameksmall_A5_EA1E3_
3.png Graphic file (type png)

<use ./coadsorb_irreversible/AtoBirreversible10x10_301_allsameksmall_A5_EA1E3_3
.png>
Package pdftex.def Info: ./coadsorb_irreversible/AtoBirreversible10x10_301_alls
ameksmall_A5_EA1E3_3.png used on input line 86.
(pdftex.def)             Requested size: 252.94437pt x 303.54517pt.

<./coadsorb_irreversible/AtoBirreversible10x10_401_allsameksmall_A5_EA1E3_3.png
, id=19, 578.16pt x 433.62pt>
File: ./coadsorb_irreversible/AtoBirreversible10x10_401_allsameksmall_A5_EA1E3_
3.png Graphic file (type png)

<use ./coadsorb_irreversible/AtoBirreversible10x10_401_allsameksmall_A5_EA1E3_3
.png>
Package pdftex.def Info: ./coadsorb_irreversible/AtoBirreversible10x10_401_alls
ameksmall_A5_EA1E3_3.png used on input line 87.
(pdftex.def)             Requested size: 252.94437pt x 303.54517pt.

Overfull \hbox (46.1919pt too wide) in paragraph at lines 83--89
[][] 
 []


LaTeX Warning: Float too large for page by 8.73428pt on input line 90.


LaTeX Warning: `!h' float specifier changed to `!ht'.


<./coadsorb_irreversible/AtoBirreversible10x10_101_allsameklarge_A5_EA10E3_3.pn
g, id=20, 578.16pt x 433.62pt>
File: ./coadsorb_irreversible/AtoBirreversible10x10_101_allsameklarge_A5_EA10E3
_3.png Graphic file (type png)

<use ./coadsorb_irreversible/AtoBirreversible10x10_101_allsameklarge_A5_EA10E3_
3.png>
Package pdftex.def Info: ./coadsorb_irreversible/AtoBirreversible10x10_101_alls
ameklarge_A5_EA10E3_3.png used on input line 95.
(pdftex.def)             Requested size: 252.94437pt x 303.54517pt.

<./coadsorb_irreversible/AtoBirreversible10x10_201_allsameklarge_A5_EA10E3_3.pn
g, id=21, 578.16pt x 433.62pt>
File: ./coadsorb_irreversible/AtoBirreversible10x10_201_allsameklarge_A5_EA10E3
_3.png Graphic file (type png)

<use ./coadsorb_irreversible/AtoBirreversible10x10_201_allsameklarge_A5_EA10E3_
3.png>
Package pdftex.def Info: ./coadsorb_irreversible/AtoBirreversible10x10_201_alls
ameklarge_A5_EA10E3_3.png used on input line 96.
(pdftex.def)             Requested size: 252.94437pt x 303.54517pt.

<./coadsorb_irreversible/AtoBirreversible10x10_301_allsameklarge_A5_EA10E3_3.pn
g, id=22, 578.16pt x 433.62pt>
File: ./coadsorb_irreversible/AtoBirreversible10x10_301_allsameklarge_A5_EA10E3
_3.png Graphic file (type png)

<use ./coadsorb_irreversible/AtoBirreversible10x10_301_allsameklarge_A5_EA10E3_
3.png>
Package pdftex.def Info: ./coadsorb_irreversible/AtoBirreversible10x10_301_alls
ameklarge_A5_EA10E3_3.png used on input line 97.
(pdftex.def)             Requested size: 252.94437pt x 303.54517pt.

<./coadsorb_irreversible/AtoBirreversible10x10_401_allsameklarge_A5_EA10E3_3.pn
g, id=23, 578.16pt x 433.62pt>
File: ./coadsorb_irreversible/AtoBirreversible10x10_401_allsameklarge_A5_EA10E3
_3.png Graphic file (type png)

<use ./coadsorb_irreversible/AtoBirreversible10x10_401_allsameklarge_A5_EA10E3_
3.png>
Package pdftex.def Info: ./coadsorb_irreversible/AtoBirreversible10x10_401_alls
ameklarge_A5_EA10E3_3.png used on input line 98.
(pdftex.def)             Requested size: 252.94437pt x 303.54517pt.

Overfull \hbox (46.1919pt too wide) in paragraph at lines 94--100
[][] 
 []


LaTeX Warning: Float too large for page by 8.73428pt on input line 101.


LaTeX Warning: `!h' float specifier changed to `!ht'.


<./coadsorb_irreversible/AtoBirreversible10x10_101_Aabs2x_EA10E3_EB5E3_3.png, i
d=24, 578.16pt x 433.62pt>
File: ./coadsorb_irreversible/AtoBirreversible10x10_101_Aabs2x_EA10E3_EB5E3_3.p
ng Graphic file (type png)

<use ./coadsorb_irreversible/AtoBirreversible10x10_101_Aabs2x_EA10E3_EB5E3_3.pn
g>
Package pdftex.def Info: ./coadsorb_irreversible/AtoBirreversible10x10_101_Aabs
2x_EA10E3_EB5E3_3.png used on input line 106.
(pdftex.def)             Requested size: 252.94437pt x 303.54517pt.

<./coadsorb_irreversible/AtoBirreversible10x10_201_Aabs2x_EA10E3_EB5E3_3.png, i
d=25, 578.16pt x 433.62pt>
File: ./coadsorb_irreversible/AtoBirreversible10x10_201_Aabs2x_EA10E3_EB5E3_3.p
ng Graphic file (type png)

<use ./coadsorb_irreversible/AtoBirreversible10x10_201_Aabs2x_EA10E3_EB5E3_3.pn
g>
Package pdftex.def Info: ./coadsorb_irreversible/AtoBirreversible10x10_201_Aabs
2x_EA10E3_EB5E3_3.png used on input line 107.
(pdftex.def)             Requested size: 252.94437pt x 303.54517pt.

<./coadsorb_irreversible/AtoBirreversible10x10_301_Aabs2x_EA10E3_EB5E3_3.png, i
d=26, 578.16pt x 433.62pt>
File: ./coadsorb_irreversible/AtoBirreversible10x10_301_Aabs2x_EA10E3_EB5E3_3.p
ng Graphic file (type png)

<use ./coadsorb_irreversible/AtoBirreversible10x10_301_Aabs2x_EA10E3_EB5E3_3.pn
g>
Package pdftex.def Info: ./coadsorb_irreversible/AtoBirreversible10x10_301_Aabs
2x_EA10E3_EB5E3_3.png used on input line 108.
(pdftex.def)             Requested size: 252.94437pt x 303.54517pt.

<./coadsorb_irreversible/AtoBirreversible10x10_401_Aabs2x_EA10E3_EB5E3_3.png, i
d=27, 578.16pt x 433.62pt>
File: ./coadsorb_irreversible/AtoBirreversible10x10_401_Aabs2x_EA10E3_EB5E3_3.p
ng Graphic file (type png)

<use ./coadsorb_irreversible/AtoBirreversible10x10_401_Aabs2x_EA10E3_EB5E3_3.pn
g>
Package pdftex.def Info: ./coadsorb_irreversible/AtoBirreversible10x10_401_Aabs
2x_EA10E3_EB5E3_3.png used on input line 109.
(pdftex.def)             Requested size: 252.94437pt x 303.54517pt.

Overfull \hbox (46.1919pt too wide) in paragraph at lines 105--111
[][] 
 []


LaTeX Warning: Float too large for page by 22.33429pt on input line 112.


LaTeX Warning: `!h' float specifier changed to `!ht'.


<./coadsorb_irreversible/AtoBirreversible10x10_101_Ades2x_EAx10E3_EB5E3_3.png, 
id=28, 578.16pt x 433.62pt>
File: ./coadsorb_irreversible/AtoBirreversible10x10_101_Ades2x_EAx10E3_EB5E3_3.
png Graphic file (type png)

<use ./coadsorb_irreversible/AtoBirreversible10x10_101_Ades2x_EAx10E3_EB5E3_3.p
ng>
Package pdftex.def Info: ./coadsorb_irreversible/AtoBirreversible10x10_101_Ades
2x_EAx10E3_EB5E3_3.png used on input line 117.
(pdftex.def)             Requested size: 252.94437pt x 303.54517pt.

<./coadsorb_irreversible/AtoBirreversible10x10_201_Ades2x_EAx10E3_EB5E3_3.png, 
id=29, 578.16pt x 433.62pt>
File: ./coadsorb_irreversible/AtoBirreversible10x10_201_Ades2x_EAx10E3_EB5E3_3.
png Graphic file (type png)

<use ./coadsorb_irreversible/AtoBirreversible10x10_201_Ades2x_EAx10E3_EB5E3_3.p
ng>
Package pdftex.def Info: ./coadsorb_irreversible/AtoBirreversible10x10_201_Ades
2x_EAx10E3_EB5E3_3.png used on input line 118.
(pdftex.def)             Requested size: 252.94437pt x 303.54517pt.

<./coadsorb_irreversible/AtoBirreversible10x10_301_Ades2x_EAx10E3_EB5E3_3.png, 
id=30, 578.16pt x 433.62pt>
File: ./coadsorb_irreversible/AtoBirreversible10x10_301_Ades2x_EAx10E3_EB5E3_3.
png Graphic file (type png)

<use ./coadsorb_irreversible/AtoBirreversible10x10_301_Ades2x_EAx10E3_EB5E3_3.p
ng>
Package pdftex.def Info: ./coadsorb_irreversible/AtoBirreversible10x10_301_Ades
2x_EAx10E3_EB5E3_3.png used on input line 119.
(pdftex.def)             Requested size: 252.94437pt x 303.54517pt.

<./coadsorb_irreversible/AtoBirreversible10x10_401_Ades2x_EAx10E3_EB5E3_3.png, 
id=31, 578.16pt x 433.62pt>
File: ./coadsorb_irreversible/AtoBirreversible10x10_401_Ades2x_EAx10E3_EB5E3_3.
png Graphic file (type png)

<use ./coadsorb_irreversible/AtoBirreversible10x10_401_Ades2x_EAx10E3_EB5E3_3.p
ng>
Package pdftex.def Info: ./coadsorb_irreversible/AtoBirreversible10x10_401_Ades
2x_EAx10E3_EB5E3_3.png used on input line 120.
(pdftex.def)             Requested size: 252.94437pt x 303.54517pt.

Overfull \hbox (46.1919pt too wide) in paragraph at lines 116--122
[][] 
 []


LaTeX Warning: Float too large for page by 22.33429pt on input line 123.


LaTeX Warning: `!h' float specifier changed to `!ht'.


<./coadsorb_irreversible/AtoBirreversible10x10_101_Bdes2x_EA5E3_EBx10E3_3.png, 
id=32, 578.16pt x 433.62pt>
File: ./coadsorb_irreversible/AtoBirreversible10x10_101_Bdes2x_EA5E3_EBx10E3_3.
png Graphic file (type png)

<use ./coadsorb_irreversible/AtoBirreversible10x10_101_Bdes2x_EA5E3_EBx10E3_3.p
ng>
Package pdftex.def Info: ./coadsorb_irreversible/AtoBirreversible10x10_101_Bdes
2x_EA5E3_EBx10E3_3.png used on input line 128.
(pdftex.def)             Requested size: 252.94437pt x 303.54517pt.

<./coadsorb_irreversible/AtoBirreversible10x10_201_Bdes2x_EA5E3_EBx10E3_3.png, 
id=33, 578.16pt x 433.62pt>
File: ./coadsorb_irreversible/AtoBirreversible10x10_201_Bdes2x_EA5E3_EBx10E3_3.
png Graphic file (type png)

<use ./coadsorb_irreversible/AtoBirreversible10x10_201_Bdes2x_EA5E3_EBx10E3_3.p
ng>
Package pdftex.def Info: ./coadsorb_irreversible/AtoBirreversible10x10_201_Bdes
2x_EA5E3_EBx10E3_3.png used on input line 129.
(pdftex.def)             Requested size: 252.94437pt x 303.54517pt.

<./coadsorb_irreversible/AtoBirreversible10x10_301_Bdes2x_EA5E3_EBx10E3_3.png, 
id=34, 578.16pt x 433.62pt>
File: ./coadsorb_irreversible/AtoBirreversible10x10_301_Bdes2x_EA5E3_EBx10E3_3.
png Graphic file (type png)

<use ./coadsorb_irreversible/AtoBirreversible10x10_301_Bdes2x_EA5E3_EBx10E3_3.p
ng>
Package pdftex.def Info: ./coadsorb_irreversible/AtoBirreversible10x10_301_Bdes
2x_EA5E3_EBx10E3_3.png used on input line 130.
(pdftex.def)             Requested size: 252.94437pt x 303.54517pt.

<./coadsorb_irreversible/AtoBirreversible10x10_401_Bdes2x_EA5E3_EBx10E3_3.png, 
id=35, 578.16pt x 433.62pt>
File: ./coadsorb_irreversible/AtoBirreversible10x10_401_Bdes2x_EA5E3_EBx10E3_3.
png Graphic file (type png)

<use ./coadsorb_irreversible/AtoBirreversible10x10_401_Bdes2x_EA5E3_EBx10E3_3.p
ng>
Package pdftex.def Info: ./coadsorb_irreversible/AtoBirreversible10x10_401_Bdes
2x_EA5E3_EBx10E3_3.png used on input line 131.
(pdftex.def)             Requested size: 252.94437pt x 303.54517pt.

Overfull \hbox (46.1919pt too wide) in paragraph at lines 127--133
[][] 
 []


LaTeX Warning: Float too large for page by 22.33429pt on input line 134.


LaTeX Warning: `!h' float specifier changed to `!ht'.


<./coadsorb_irreversible/AtoBirreversible10x10_101_desorb2x_Ea5E3_Ed10E3_3.png,
 id=36, 578.16pt x 433.62pt>
File: ./coadsorb_irreversible/AtoBirreversible10x10_101_desorb2x_Ea5E3_Ed10E3_3
.png Graphic file (type png)

<use ./coadsorb_irreversible/AtoBirreversible10x10_101_desorb2x_Ea5E3_Ed10E3_3.
png>
Package pdftex.def Info: ./coadsorb_irreversible/AtoBirreversible10x10_101_deso
rb2x_Ea5E3_Ed10E3_3.png used on input line 139.
(pdftex.def)             Requested size: 252.94437pt x 303.54517pt.

<./coadsorb_irreversible/AtoBirreversible10x10_201_desorb2x_Ea5E3_Ed10E3_3.png,
 id=37, 578.16pt x 433.62pt>
File: ./coadsorb_irreversible/AtoBirreversible10x10_201_desorb2x_Ea5E3_Ed10E3_3
.png Graphic file (type png)

<use ./coadsorb_irreversible/AtoBirreversible10x10_201_desorb2x_Ea5E3_Ed10E3_3.
png>
Package pdftex.def Info: ./coadsorb_irreversible/AtoBirreversible10x10_201_deso
rb2x_Ea5E3_Ed10E3_3.png used on input line 140.
(pdftex.def)             Requested size: 252.94437pt x 303.54517pt.

<./coadsorb_irreversible/AtoBirreversible10x10_301_desorb2x_Ea5E3_Ed10E3_3.png,
 id=38, 578.16pt x 433.62pt>
File: ./coadsorb_irreversible/AtoBirreversible10x10_301_desorb2x_Ea5E3_Ed10E3_3
.png Graphic file (type png)

<use ./coadsorb_irreversible/AtoBirreversible10x10_301_desorb2x_Ea5E3_Ed10E3_3.
png>
Package pdftex.def Info: ./coadsorb_irreversible/AtoBirreversible10x10_301_deso
rb2x_Ea5E3_Ed10E3_3.png used on input line 141.
(pdftex.def)             Requested size: 252.94437pt x 303.54517pt.

<./coadsorb_irreversible/AtoBirreversible10x10_401_desorb2x_Ea5E3_Ed10E3_3.png,
 id=39, 578.16pt x 433.62pt>
File: ./coadsorb_irreversible/AtoBirreversible10x10_401_desorb2x_Ea5E3_Ed10E3_3
.png Graphic file (type png)

<use ./coadsorb_irreversible/AtoBirreversible10x10_401_desorb2x_Ea5E3_Ed10E3_3.
png>
Package pdftex.def Info: ./coadsorb_irreversible/AtoBirreversible10x10_401_deso
rb2x_Ea5E3_Ed10E3_3.png used on input line 142.
(pdftex.def)             Requested size: 252.94437pt x 303.54517pt.

Overfull \hbox (46.1919pt too wide) in paragraph at lines 138--144
[][] 
 []


LaTeX Warning: Float too large for page by 22.33429pt on input line 145.


LaTeX Warning: `!h' float specifier changed to `!ht'.


<./coadsorb_irreversible/AtoBirreversible10x10_101_AtoB2x_Ea5E3_Eirr10E3_3.png,
 id=40, 578.16pt x 433.62pt>
File: ./coadsorb_irreversible/AtoBirreversible10x10_101_AtoB2x_Ea5E3_Eirr10E3_3
.png Graphic file (type png)

<use ./coadsorb_irreversible/AtoBirreversible10x10_101_AtoB2x_Ea5E3_Eirr10E3_3.
png>
Package pdftex.def Info: ./coadsorb_irreversible/AtoBirreversible10x10_101_AtoB
2x_Ea5E3_Eirr10E3_3.png used on input line 150.
(pdftex.def)             Requested size: 252.94437pt x 303.54517pt.

<./coadsorb_irreversible/AtoBirreversible10x10_201_AtoB2x_Ea5E3_Eirr10E3_3.png,
 id=41, 578.16pt x 433.62pt>
File: ./coadsorb_irreversible/AtoBirreversible10x10_201_AtoB2x_Ea5E3_Eirr10E3_3
.png Graphic file (type png)

<use ./coadsorb_irreversible/AtoBirreversible10x10_201_AtoB2x_Ea5E3_Eirr10E3_3.
png>
Package pdftex.def Info: ./coadsorb_irreversible/AtoBirreversible10x10_201_AtoB
2x_Ea5E3_Eirr10E3_3.png used on input line 151.
(pdftex.def)             Requested size: 252.94437pt x 303.54517pt.

<./coadsorb_irreversible/AtoBirreversible10x10_301_AtoB2x_Ea5E3_Eirr10E3_3.png,
 id=42, 578.16pt x 433.62pt>
File: ./coadsorb_irreversible/AtoBirreversible10x10_301_AtoB2x_Ea5E3_Eirr10E3_3
.png Graphic file (type png)

<use ./coadsorb_irreversible/AtoBirreversible10x10_301_AtoB2x_Ea5E3_Eirr10E3_3.
png>
Package pdftex.def Info: ./coadsorb_irreversible/AtoBirreversible10x10_301_AtoB
2x_Ea5E3_Eirr10E3_3.png used on input line 152.
(pdftex.def)             Requested size: 252.94437pt x 303.54517pt.

<./coadsorb_irreversible/AtoBirreversible10x10_401_AtoB2x_Ea5E3_Eirr10E3_3.png,
 id=43, 578.16pt x 433.62pt>
File: ./coadsorb_irreversible/AtoBirreversible10x10_401_AtoB2x_Ea5E3_Eirr10E3_3
.png Graphic file (type png)

<use ./coadsorb_irreversible/AtoBirreversible10x10_401_AtoB2x_Ea5E3_Eirr10E3_3.
png>
Package pdftex.def Info: ./coadsorb_irreversible/AtoBirreversible10x10_401_AtoB
2x_Ea5E3_Eirr10E3_3.png used on input line 153.
(pdftex.def)             Requested size: 252.94437pt x 303.54517pt.

Overfull \hbox (46.1919pt too wide) in paragraph at lines 149--155
[][] 
 []


LaTeX Warning: Float too large for page by 22.33429pt on input line 156.


LaTeX Warning: `!h' float specifier changed to `!ht'.

Package atveryend Info: Empty hook `BeforeClearDocument' on input line 160.
[2] [3 <./coadsorb_irreversible/AtoBirreversible2x10_301_allsamek_A5_EA5E3_3.pn
g> <./coadsorb_irreversible/AtoBirreversible5x10_301_allsamek_A5_EA5E3_3.png> <
./coadsorb_irreversible/AtoBirreversible10x10_301_allsamek_A5_EA5E3_3.png> <./c
oadsorb_irreversible/AtoBirreversible100x10_301_allsamek_A5_EA5E3_3.png>]
[4 <./coadsorb_irreversible/AtoBirreversible10x10_101_allsameksmall_A5_EA1E3_3.
png> <./coadsorb_irreversible/AtoBirreversible10x10_201_allsameksmall_A5_EA1E3_
3.png> <./coadsorb_irreversible/AtoBirreversible10x10_301_allsameksmall_A5_EA1E
3_3.png> <./coadsorb_irreversible/AtoBirreversible10x10_401_allsameksmall_A5_EA
1E3_3.png>] [5 <./coadsorb_irreversible/AtoBirreversible10x10_101_allsameklarge
_A5_EA10E3_3.png> <./coadsorb_irreversible/AtoBirreversible10x10_201_allsamekla
rge_A5_EA10E3_3.png> <./coadsorb_irreversible/AtoBirreversible10x10_301_allsame
klarge_A5_EA10E3_3.png> <./coadsorb_irreversible/AtoBirreversible10x10_401_alls
ameklarge_A5_EA10E3_3.png>] [6 <./coadsorb_irreversible/AtoBirreversible10x10_1
01_Aabs2x_EA10E3_EB5E3_3.png> <./coadsorb_irreversible/AtoBirreversible10x10_20
1_Aabs2x_EA10E3_EB5E3_3.png> <./coadsorb_irreversible/AtoBirreversible10x10_301
_Aabs2x_EA10E3_EB5E3_3.png> <./coadsorb_irreversible/AtoBirreversible10x10_401_
Aabs2x_EA10E3_EB5E3_3.png>] [7 <./coadsorb_irreversible/AtoBirreversible10x10_1
01_Ades2x_EAx10E3_EB5E3_3.png> <./coadsorb_irreversible/AtoBirreversible10x10_2
01_Ades2x_EAx10E3_EB5E3_3.png> <./coadsorb_irreversible/AtoBirreversible10x10_3
01_Ades2x_EAx10E3_EB5E3_3.png> <./coadsorb_irreversible/AtoBirreversible10x10_4
01_Ades2x_EAx10E3_EB5E3_3.png>] [8 <./coadsorb_irreversible/AtoBirreversible10x
10_101_Bdes2x_EA5E3_EBx10E3_3.png> <./coadsorb_irreversible/AtoBirreversible10x
10_201_Bdes2x_EA5E3_EBx10E3_3.png> <./coadsorb_irreversible/AtoBirreversible10x
10_301_Bdes2x_EA5E3_EBx10E3_3.png> <./coadsorb_irreversible/AtoBirreversible10x
10_401_Bdes2x_EA5E3_EBx10E3_3.png>] [9 <./coadsorb_irreversible/AtoBirreversibl
e10x10_101_desorb2x_Ea5E3_Ed10E3_3.png> <./coadsorb_irreversible/AtoBirreversib
le10x10_201_desorb2x_Ea5E3_Ed10E3_3.png> <./coadsorb_irreversible/AtoBirreversi
ble10x10_301_desorb2x_Ea5E3_Ed10E3_3.png> <./coadsorb_irreversible/AtoBirrevers
ible10x10_401_desorb2x_Ea5E3_Ed10E3_3.png>] [10 <./coadsorb_irreversible/AtoBir
reversible10x10_101_AtoB2x_Ea5E3_Eirr10E3_3.png> <./coadsorb_irreversible/AtoBi
rreversible10x10_201_AtoB2x_Ea5E3_Eirr10E3_3.png> <./coadsorb_irreversible/AtoB
irreversible10x10_301_AtoB2x_Ea5E3_Eirr10E3_3.png> <./coadsorb_irreversible/Ato
Birreversible10x10_401_AtoB2x_Ea5E3_Eirr10E3_3.png>]
Package atveryend Info: Empty hook `AfterLastShipout' on input line 160.
 (./KMCS_irreversible.aux)
Package atveryend Info: Executing hook `AtVeryEndDocument' on input line 160.
Package atveryend Info: Executing hook `AtEndAfterFileList' on input line 160.
Package rerunfilecheck Info: File `KMCS_irreversible.out' has not changed.
(rerunfilecheck)             Checksum: D41D8CD98F00B204E9800998ECF8427E;0.
Package atveryend Info: Empty hook `AtVeryVeryEnd' on input line 160.
 ) 
Here is how much of TeX's memory you used:
 7415 strings out of 493633
 118381 string characters out of 3143378
 201755 words of memory out of 3000000
 10562 multiletter control sequences out of 15000+200000
 8596 words of font info for 33 fonts, out of 3000000 for 9000
 831 hyphenation exceptions out of 8191
 42i,12n,43p,725b,335s stack positions out of 5000i,500n,10000p,200000b,50000s
</usr/local/texlive/2011/texmf-dist/fonts/type1/public/amsfonts/cm/cmbx10.pfb
></usr/local/texlive/2011/texmf-dist/fonts/type1/public/amsfonts/cm/cmmi6.pfb><
/usr/local/texlive/2011/texmf-dist/fonts/type1/public/amsfonts/cm/cmmi8.pfb></u
sr/local/texlive/2011/texmf-dist/fonts/type1/public/amsfonts/cm/cmr10.pfb></usr
/local/texlive/2011/texmf-dist/fonts/type1/public/amsfonts/cm/cmr6.pfb></usr/lo
cal/texlive/2011/texmf-dist/fonts/type1/public/amsfonts/cm/cmr8.pfb></usr/local
/texlive/2011/texmf-dist/fonts/type1/public/amsfonts/cm/cmsy8.pfb>
Output written on KMCS_irreversible.pdf (10 pages, 2114415 bytes).
PDF statistics:
 156 PDF objects out of 1000 (max. 8388607)
 72 compressed objects within 1 object stream
 19 named destinations out of 1000 (max. 500000)
 161 words of extra memory for PDF output out of 10000 (max. 10000000)

